<?xml version="1.0" encoding="UTF-8"?>
<!-- Generated by org.testng.reporters.JUnitReportReporter -->
<testsuite skipped="0" hostname="TEJASWI" name="com.testcases.OrangeHrmLoginTestcase" tests="1" failures="0" timestamp="16 Sep 2020 06:55:44 GMT" time="3.664" errors="0">
  <testcase name="login" time="3.664" classname="com.testcases.OrangeHrmLoginTestcase"/>
</testsuite> <!-- com.testcases.OrangeHrmLoginTestcase -->
